Base path: 'D:/Program Files/Unity/Hub/Editor/2019.3.6f1/Editor/Data', plugins path 'D:/Program Files/Unity/Hub/Editor/2019.3.6f1/Editor/Data/PlaybackEngines'
Cmd: initializeCompiler
Cmd: compileComputeKernel
  error: 2 plat 4 at GenerateChunk.compute(7): syntax error: unexpected token '['
  api=4 insize=623 outsize=0 ok=0
Cmd: compileComputeKernel
  error: 2 plat 4 at GenerateChunk.compute(15): array, matrix, vector, or indexable object type expected in index expression
  api=4 insize=619 outsize=0 ok=0
Cmd: compileComputeKernel
  error: 2 plat 4 at GenerateChunk.compute(15): array, matrix, vector, or indexable object type expected in index expression
  api=4 insize=845 outsize=0 ok=0
Cmd: compileComputeKernel
  api=4 insize=897 outsize=228 ok=1
Cmd: compileComputeKernel
  error: 2 plat 4 at GenerateChunk.compute(17): array, matrix, vector, or indexable object type expected in index expression
  api=4 insize=890 outsize=0 ok=0
Cmd: compileComputeKernel
  error: 2 plat 4 at GenerateChunk.compute(10): unrecognized identifier 'char'
  api=4 insize=886 outsize=0 ok=0
Cmd: compileComputeKernel
  error: 2 plat 4 at GenerateChunk.compute(12): syntax error: unexpected token '*'
  error: 2 plat 4 at GenerateChunk.compute(17): array, matrix, vector, or indexable object type expected in index expression
  api=4 insize=861 outsize=0 ok=0
Cmd: compileComputeKernel
  error: 2 plat 4 at GenerateChunk.compute(15): array, matrix, vector, or indexable object type expected in index expression
  api=4 insize=947 outsize=0 ok=0
Cmd: compileComputeKernel
  error: 2 plat 4 at GenerateChunk.compute(19): undeclared identifier 'array'
  api=4 insize=859 outsize=0 ok=0
Cmd: compileComputeKernel
  error: 2 plat 4 at GenerateChunk.compute(21): 'GetVoxelTypeById': no matching 0 parameter function
  error: 2 plat 4 at GenerateChunk.compute(21): syntax error: unexpected token ']' syntax error: unexpected token '{'
  api=4 insize=893 outsize=0 ok=0
Cmd: compileComputeKernel
  error: 2 plat 4 at GenerateChunk.compute(21): 'GetVoxelTypeById': no matching 0 parameter function
  error: 2 plat 4 at GenerateChunk.compute(21): syntax error: unexpected token ';'
  error: 2 plat 4 at GenerateChunk.compute(21): syntax error: unexpected token '{'
  api=4 insize=897 outsize=0 ok=0
Cmd: compileComputeKernel
  error: 2 plat 4 at GenerateChunk.compute(21): 'GetVoxelTypeById': no matching 1 parameter function
  error: 2 plat 4 at GenerateChunk.compute(21): syntax error: unexpected token ']' syntax error: unexpected token '{'
  api=4 insize=897 outsize=0 ok=0
Cmd: compileComputeKernel
  error: 2 plat 4 at GenerateChunk.compute(21): 'GetVoxelTypeById': no matching 1 parameter function
  error: 2 plat 4 at GenerateChunk.compute(21): syntax error: unexpected token ']' syntax error: unexpected token '{'
  api=4 insize=898 outsize=0 ok=0
Cmd: compileComputeKernel
  error: 2 plat 4 at GenerateChunk.compute(22): 'GetVoxelTypeById': no matching 0 parameter function
  error: 2 plat 4 at GenerateChunk.compute(22): syntax error: unexpected token ']'
  error: 2 plat 4 at GenerateChunk.compute(22): syntax error: unexpected token '{'
  api=4 insize=957 outsize=0 ok=0
Cmd: compileComputeKernel
  error: 2 plat 4 at GenerateChunk.compute(22): 'GetVoxelTypeById': no matching 0 parameter function
  error: 2 plat 4 at GenerateChunk.compute(22): syntax error: unexpected token '{'
  api=4 insize=943 outsize=0 ok=0
Cmd: compileComputeKernel
  error: 2 plat 4 at GenerateChunk.compute(22): 'GetVoxelTypeById': no matching 0 parameter function
  error: 2 plat 4 at GenerateChunk.compute(22): syntax error: unexpected token '['
  api=4 insize=954 outsize=0 ok=0
Cmd: compileComputeKernel
  error: 2 plat 4 at GenerateChunk.compute(11): unrecognized identifier 'CGINCLUDE'
  api=4 insize=1041 outsize=0 ok=0
Cmd: compileComputeKernel
  error: 2 plat 4 at GenerateChunk.compute(22): 'GetVoxelTypeById': no matching 0 parameter function
  error: 2 plat 4 at GenerateChunk.compute(22): syntax error: unexpected token '{'
  api=4 insize=952 outsize=0 ok=0
Cmd: compileComputeKernel
  error: 2 plat 4 at GenerateChunk.compute(18): scalar, vector, or matrix expected
  api=4 insize=1040 outsize=0 ok=0
Cmd: compileComputeKernel
  error: 2 plat 4 at GenerateChunk.compute(18): invalid subscript 'voxelTypesLength'
  api=4 insize=1031 outsize=0 ok=0
Cmd: compileComputeKernel
  error: 2 plat 4 at GenerateChunk.compute(18): array, matrix, vector, or indexable object type expected in index expression
  api=4 insize=1032 outsize=0 ok=0
Cmd: compileComputeKernel
  error: 2 plat 4 at GenerateChunk.compute(26): 'GetVoxelTypeById': no matching 0 parameter function
  error: 2 plat 4 at GenerateChunk.compute(26): syntax error: unexpected token '{'
  api=4 insize=1029 outsize=0 ok=0
Cmd: compileComputeKernel
  error: 2 plat 4 at GenerateChunk.compute(26): 'GetVoxelTypeById': no matching 0 parameter function
  error: 2 plat 4 at GenerateChunk.compute(26): syntax error: unexpected token '{'
  api=4 insize=1030 outsize=0 ok=0
Unhandled exception: Protocol error - unexpected end of data (did the Editor crash?)

Quitting shader compiler process
