Base path: 'D:/Program Files/Unity/Hub/Editor/2019.3.6f1/Editor/Data', plugins path 'D:/Program Files/Unity/Hub/Editor/2019.3.6f1/Editor/Data/PlaybackEngines'
Cmd: initializeCompiler
Cmd: initializeCompiler
Cmd: preprocessCompute
  insize=421 outsize=420 ok=1
Cmd: preprocessCompute
  insize=112 outsize=111 ok=1
Cmd: compileComputeKernel
  error: 2 plat 4 at GenerateVoxels.compute(4): syntax error: unexpected token 'point'
  api=4 insize=111 outsize=0 ok=0
Cmd: preprocessCompute
  insize=109 outsize=108 ok=1
Cmd: compileComputeKernel
  api=4 insize=108 outsize=226 ok=1
Cmd: preprocessCompute
  insize=143 outsize=142 ok=1
Cmd: compileComputeKernel
  api=4 insize=142 outsize=226 ok=1
Cmd: preprocessCompute
  insize=336 outsize=335 ok=1
Cmd: compileComputeKernel
  error: 2 plat 4 at GenerateVoxels.compute(9): unrecognized identifier 'Vector2'
  api=4 insize=335 outsize=0 ok=0
Cmd: preprocessCompute
  insize=335 outsize=334 ok=1
Cmd: compileComputeKernel
  error: 2 plat 4 at GenerateVoxels.compute(12): syntax error: unexpected token 'struct'
  api=4 insize=334 outsize=0 ok=0
Cmd: preprocessCompute
  insize=337 outsize=336 ok=1
Cmd: compileComputeKernel
  api=4 insize=336 outsize=226 ok=1
Cmd: preprocessCompute
  insize=352 outsize=351 ok=1
Cmd: compileComputeKernel
  api=4 insize=351 outsize=226 ok=1
Cmd: preprocessCompute
  insize=353 outsize=352 ok=1
Cmd: compileComputeKernel
  error: 2 plat 4 at GenerateVoxels.compute(20): syntax error: unexpected token '*'
  api=4 insize=352 outsize=0 ok=0
Cmd: preprocessCompute
  insize=355 outsize=354 ok=1
Cmd: compileComputeKernel
  api=4 insize=354 outsize=226 ok=1
Cmd: preprocessCompute
  insize=373 outsize=372 ok=1
Cmd: compileComputeKernel
  api=4 insize=372 outsize=226 ok=1
Cmd: preprocessCompute
  insize=485 outsize=486 ok=1
Cmd: compileComputeKernel
  api=4 insize=486 outsize=226 ok=1
Cmd: preprocessCompute
  insize=488 outsize=489 ok=1
Cmd: compileComputeKernel
  error: 2 plat 4 at GenerateVoxels.compute(21): syntax error: unexpected token '<'
  api=4 insize=489 outsize=0 ok=0
Cmd: preprocessCompute
  insize=482 outsize=483 ok=1
Cmd: compileComputeKernel
  api=4 insize=483 outsize=226 ok=1
Cmd: preprocessCompute
  insize=540 outsize=541 ok=1
Cmd: compileComputeKernel
  api=4 insize=541 outsize=226 ok=1
Cmd: preprocessCompute
  insize=726 outsize=727 ok=1
Cmd: compileComputeKernel
  api=4 insize=727 outsize=226 ok=1
Cmd: preprocessCompute
  insize=966 outsize=967 ok=1
Cmd: compileComputeKernel
  api=4 insize=967 outsize=226 ok=1
Cmd: preprocessCompute
  insize=987 outsize=988 ok=1
Cmd: compileComputeKernel
  api=4 insize=988 outsize=577 ok=1
Cmd: preprocessCompute
  insize=1002 outsize=1001 ok=1
Cmd: compileComputeKernel
  api=4 insize=1001 outsize=577 ok=1
