Base path: 'D:/Program Files/Unity/Hub/Editor/2019.3.6f1/Editor/Data', plugins path 'D:/Program Files/Unity/Hub/Editor/2019.3.6f1/Editor/Data/PlaybackEngines'
Cmd: initializeCompiler
Cmd: compileComputeKernel
  error: 2 plat 4 at GenerateChunk.compute(19): type mismatch
  api=4 insize=891 outsize=0 ok=0
Cmd: compileComputeKernel
  error: 2 plat 4 at GenerateChunk.compute(10): unrecognized identifier 'char'
  api=4 insize=886 outsize=0 ok=0
Cmd: compileComputeKernel
  error: 2 plat 4 at GenerateChunk.compute(16): array, matrix, vector, or indexable object type expected in index expression
  api=4 insize=850 outsize=0 ok=0
Cmd: compileComputeKernel
  error: 2 plat 4 at GenerateChunk.compute(15): array, matrix, vector, or indexable object type expected in index expression
  api=4 insize=848 outsize=0 ok=0
Cmd: compileComputeKernel
  error: 2 plat 4 at GenerateChunk.compute(15): array, matrix, vector, or indexable object type expected in index expression
  api=4 insize=853 outsize=0 ok=0
Cmd: compileComputeKernel
  error: 2 plat 4 at GenerateChunk.compute(15): array, matrix, vector, or indexable object type expected in index expression
  api=4 insize=947 outsize=0 ok=0
Cmd: compileComputeKernel
  error: 2 plat 4 at GenerateChunk.compute(20): 'GetVoxelTypeById': no matching 0 parameter function
  error: 2 plat 4 at GenerateChunk.compute(20): syntax error: unexpected token '['
  api=4 insize=951 outsize=0 ok=0
Cmd: compileComputeKernel
  error: 2 plat 4 at GenerateChunk.compute(21): 'GetVoxelTypeById': no matching 0 parameter function
  error: 2 plat 4 at GenerateChunk.compute(21): syntax error: unexpected token '{'
  api=4 insize=882 outsize=0 ok=0
Cmd: compileComputeKernel
  error: 2 plat 4 at GenerateChunk.compute(21): 'GetVoxelTypeById': no matching 1 parameter function
  error: 2 plat 4 at GenerateChunk.compute(21): undeclared identifier 'AIR_BLOCK'
  api=4 insize=882 outsize=0 ok=0
Cmd: compileComputeKernel
  error: 2 plat 4 at GenerateChunk.compute(21): 'GetVoxelTypeById': no matching 1 parameter function
  error: 2 plat 4 at GenerateChunk.compute(21): syntax error: unexpected token ']' syntax error: unexpected token '{'
  api=4 insize=897 outsize=0 ok=0
Cmd: compileComputeKernel
  error: 2 plat 4 at GenerateChunk.compute(21): 'GetVoxelTypeById': no matching 0 parameter function
  error: 2 plat 4 at GenerateChunk.compute(21): syntax error: unexpected token ']' syntax error: unexpected token '{'
  api=4 insize=894 outsize=0 ok=0
Cmd: compileComputeKernel
  error: 2 plat 4 at GenerateChunk.compute(21): 'GetVoxelTypeById': no matching 0 parameter function
  error: 2 plat 4 at GenerateChunk.compute(21): syntax error: unexpected token ';'
  error: 2 plat 4 at GenerateChunk.compute(21): syntax error: unexpected token '{'
  api=4 insize=897 outsize=0 ok=0
Cmd: compileComputeKernel
  error: 2 plat 4 at GenerateChunk.compute(21): 'GetVoxelTypeById': no matching 0 parameter function
  error: 2 plat 4 at GenerateChunk.compute(21): syntax error: unexpected token ';'
  error: 2 plat 4 at GenerateChunk.compute(21): syntax error: unexpected token '{'
  api=4 insize=898 outsize=0 ok=0
Cmd: compileComputeKernel
  error: 2 plat 4 at GenerateChunk.compute(21): 'GetVoxelTypeById': no matching 1 parameter function
  error: 2 plat 4 at GenerateChunk.compute(21): syntax error: unexpected token ']' syntax error: unexpected token '{'
  api=4 insize=897 outsize=0 ok=0
Cmd: compileComputeKernel
  error: 2 plat 4 at GenerateChunk.compute(22): 'GetVoxelTypeById': no matching 0 parameter function
  error: 2 plat 4 at GenerateChunk.compute(22): syntax error: unexpected token ']'
  error: 2 plat 4 at GenerateChunk.compute(22): syntax error: unexpected token '{'
  api=4 insize=957 outsize=0 ok=0
Cmd: compileComputeKernel
  error: 2 plat 4 at GenerateChunk.compute(11): unrecognized identifier 'CBUFFER_START'
  api=4 insize=993 outsize=0 ok=0
Cmd: compileComputeKernel
  error: 2 plat 4 at GenerateChunk.compute(22): 'GetVoxelTypeById': no matching 0 parameter function
  error: 2 plat 4 at GenerateChunk.compute(22): syntax error: unexpected token '{'
  api=4 insize=948 outsize=0 ok=0
Cmd: compileComputeKernel
  error: 2 plat 4 at GenerateChunk.compute(18): invalid subscript 'voxelTypesLength'
  api=4 insize=1041 outsize=0 ok=0
Cmd: compileComputeKernel
  error: 2 plat 4 at GenerateChunk.compute(14): unrecognized identifier 'RStructuredBuffer'
  api=4 insize=1045 outsize=0 ok=0
Cmd: compileComputeKernel
  error: 2 plat 4 at GenerateChunk.compute(26): 'GetVoxelTypeById': no matching 0 parameter function
  error: 2 plat 4 at GenerateChunk.compute(26): syntax error: unexpected token '{'
  api=4 insize=1044 outsize=0 ok=0
Unhandled exception: Protocol error - unexpected end of data (did the Editor crash?)

Quitting shader compiler process
