Base path: 'D:/Program Files/Unity/Hub/Editor/2019.3.6f1/Editor/Data', plugins path 'D:/Program Files/Unity/Hub/Editor/2019.3.6f1/Editor/Data/PlaybackEngines'
Cmd: initializeCompiler
Cmd: compileComputeKernel
  error: 2 plat 4 at GenerateChunk.compute(7): syntax error: unexpected token '['
  api=4 insize=623 outsize=0 ok=0
Cmd: compileComputeKernel
  error: 2 plat 4 at GenerateChunk.compute(15): array, matrix, vector, or indexable object type expected in index expression
  api=4 insize=619 outsize=0 ok=0
Cmd: compileComputeKernel
  error: 2 plat 4 at GenerateChunk.compute(15): array, matrix, vector, or indexable object type expected in index expression
  api=4 insize=620 outsize=0 ok=0
Cmd: compileComputeKernel
  error: 2 plat 4 at GenerateChunk.compute(15): array, matrix, vector, or indexable object type expected in index expression
  api=4 insize=803 outsize=0 ok=0
Cmd: compileComputeKernel
  error: 2 plat 4 at GenerateChunk.compute(15): array, matrix, vector, or indexable object type expected in index expression
  api=4 insize=884 outsize=0 ok=0
Cmd: compileComputeKernel
  error: 2 plat 4 at GenerateChunk.compute(20): type mismatch
  api=4 insize=895 outsize=0 ok=0
Cmd: compileComputeKernel
  error: 2 plat 4 at GenerateChunk.compute(15): array, matrix, vector, or indexable object type expected in index expression
  api=4 insize=848 outsize=0 ok=0
Cmd: compileComputeKernel
  error: 2 plat 4 at GenerateChunk.compute(15): array, matrix, vector, or indexable object type expected in index expression
  api=4 insize=850 outsize=0 ok=0
Cmd: compileComputeKernel
  error: 2 plat 4 at GenerateChunk.compute(15): array, matrix, vector, or indexable object type expected in index expression
  api=4 insize=858 outsize=0 ok=0
Cmd: compileComputeKernel
  error: 2 plat 4 at GenerateChunk.compute(16): array, matrix, vector, or indexable object type expected in index expression
  api=4 insize=854 outsize=0 ok=0
Cmd: compileComputeKernel
  error: 2 plat 4 at GenerateChunk.compute(21): 'GetVoxelTypeById': no matching 0 parameter function
  error: 2 plat 4 at GenerateChunk.compute(21): syntax error: unexpected token ';'
  error: 2 plat 4 at GenerateChunk.compute(21): syntax error: unexpected token '{'
  api=4 insize=895 outsize=0 ok=0
Cmd: compileComputeKernel
  error: 2 plat 4 at GenerateChunk.compute(21): 'GetVoxelTypeById': no matching 1 parameter function
  error: 2 plat 4 at GenerateChunk.compute(21): syntax error: unexpected token ']' syntax error: unexpected token '{'
  api=4 insize=896 outsize=0 ok=0
Cmd: compileComputeKernel
  error: 2 plat 4 at GenerateChunk.compute(22): 'GetVoxelTypeById': no matching 0 parameter function
  error: 2 plat 4 at GenerateChunk.compute(22): syntax error: unexpected token '['
  api=4 insize=954 outsize=0 ok=0
Cmd: compileComputeKernel
  error: 2 plat 4 at GenerateChunk.compute(18): invalid subscript 'voxelTypesLength'
  api=4 insize=1031 outsize=0 ok=0
Cmd: compileComputeKernel
  error: 2 plat 4 at GenerateChunk.compute(14): unrecognized identifier 'RStructuredBuffer'
  api=4 insize=1045 outsize=0 ok=0
Unhandled exception: Protocol error - unexpected end of data (did the Editor crash?)

Quitting shader compiler process
